<?xml version="1.0" encoding="UTF-8"?>
<!-- Generated by org.testng.reporters.JUnitReportReporter -->
<testsuite hostname="9e5b758a82d6" failures="0" tests="20" name="com.vinsguru.tests.flightreservation.FlightReservationTest" time="34.086" errors="0" timestamp="2024-12-07T05:47:20 GMT" skipped="0">
  <testcase classname="com.vinsguru.tests.flightreservation.FlightReservationTest" name="flightsSelectionTest" time="1.966"/>
  <testcase classname="com.vinsguru.tests.flightreservation.FlightReservationTest" name="flightReservationConfirmationTest" time="1.734"/>
  <testcase classname="com.vinsguru.tests.flightreservation.FlightReservationTest" name="flightsSearchTest" time="2.544"/>
  <testcase classname="com.vinsguru.tests.flightreservation.FlightReservationTest" name="flightsSelectionTest" time="0.808"/>
  <testcase classname="com.vinsguru.tests.flightreservation.FlightReservationTest" name="flightReservationConfirmationTest" time="1.803"/>
  <testcase classname="com.vinsguru.tests.flightreservation.FlightReservationTest" name="flightReservationConfirmationTest" time="2.370"/>
  <testcase classname="com.vinsguru.tests.flightreservation.FlightReservationTest" name="registrationConfirmationTest" time="2.376"/>
  <testcase classname="com.vinsguru.tests.flightreservation.FlightReservationTest" name="userRegistrationTest" time="2.168"/>
  <testcase classname="com.vinsguru.tests.flightreservation.FlightReservationTest" name="registrationConfirmationTest" time="0.716"/>
  <testcase classname="com.vinsguru.tests.flightreservation.FlightReservationTest" name="flightsSearchTest" time="0.326"/>
  <testcase classname="com.vinsguru.tests.flightreservation.FlightReservationTest" name="flightReservationConfirmationTest" time="0.672"/>
  <testcase classname="com.vinsguru.tests.flightreservation.FlightReservationTest" name="userRegistrationTest" time="1.667"/>
  <testcase classname="com.vinsguru.tests.flightreservation.FlightReservationTest" name="registrationConfirmationTest" time="1.888"/>
  <testcase classname="com.vinsguru.tests.flightreservation.FlightReservationTest" name="flightsSelectionTest" time="2.514"/>
  <testcase classname="com.vinsguru.tests.flightreservation.FlightReservationTest" name="userRegistrationTest" time="2.197"/>
  <testcase classname="com.vinsguru.tests.flightreservation.FlightReservationTest" name="flightsSelectionTest" time="0.872"/>
  <testcase classname="com.vinsguru.tests.flightreservation.FlightReservationTest" name="flightsSearchTest" time="1.964"/>
  <testcase classname="com.vinsguru.tests.flightreservation.FlightReservationTest" name="flightsSearchTest" time="1.917"/>
  <testcase classname="com.vinsguru.tests.flightreservation.FlightReservationTest" name="registrationConfirmationTest" time="1.910"/>
  <testcase classname="com.vinsguru.tests.flightreservation.FlightReservationTest" name="userRegistrationTest" time="1.674"/>
</testsuite> <!-- com.vinsguru.tests.flightreservation.FlightReservationTest -->
